<?xml version="1.0" encoding="UTF-8"?>
<testng-results ignored="0" total="1" passed="1" failed="0" skipped="0">
  <reporter-output>
  </reporter-output>
  <suite started-at="2023-05-27T16:08:36 IST" name="Default suite" finished-at="2023-05-27T16:08:36 IST" duration-ms="100">
    <groups>
    </groups>
    <test started-at="2023-05-27T16:08:36 IST" name="Default test" finished-at="2023-05-27T16:08:36 IST" duration-ms="100">
      <class name="abc.Log13">
        <test-method signature="test1()[pri:0, instance:abc.Log13@10163d6]" started-at="2023-05-27T16:08:36 IST" name="test1" finished-at="2023-05-27T16:08:36 IST" duration-ms="74" status="PASS">
          <reporter-output>
          </reporter-output>
        </test-method> <!-- test1 -->
      </class> <!-- abc.Log13 -->
    </test> <!-- Default test -->
  </suite> <!-- Default suite -->
</testng-results>
