<?xml version="1.0" encoding="UTF-8"?>
<!-- Generated by org.testng.reporters.JUnitXMLReporter -->
<testsuite ignored="2" hostname="Mrinalgood" failures="0" tests="1" name="Test" time="0.028" errors="0" timestamp="2023-05-19T15:28:16 IST">
  <testcase classname="abc.Data2" name="test1" time="0.007"/>
  <testcase classname="abc.Data2" name="test3" time="0.0">
    <ignored/>
  </testcase> <!-- test3 -->
  <testcase classname="abc.Data2" name="test2" time="0.0">
    <ignored/>
  </testcase> <!-- test2 -->
</testsuite> <!-- Test -->
